ARM GAS  C:\Users\Mathieu\AppData\Local\Temp\cc7COgEH.s 			page 1


   1              		.syntax unified
   2              		.cpu cortex-m4
   3              		.eabi_attribute 27, 1
   4              		.fpu fpv4-sp-d16
   5              		.eabi_attribute 20, 1
   6              		.eabi_attribute 21, 1
   7              		.eabi_attribute 23, 3
   8              		.eabi_attribute 24, 1
   9              		.eabi_attribute 25, 1
  10              		.eabi_attribute 26, 1
  11              		.eabi_attribute 30, 1
  12              		.eabi_attribute 34, 1
  13              		.eabi_attribute 18, 4
  14              		.thumb
  15              		.syntax unified
  16              		.file	"croutine.c"
  17              		.text
  18              	.Ltext0:
  19              		.cfi_sections	.debug_frame
  20              	.Letext0:
  21              		.file 1 "c:\\program files (x86)\\cypress\\psoc creator\\4.4\\psoc creator\\import\\gnu\\arm\\5.4.
  22              		.file 2 "c:\\program files (x86)\\cypress\\psoc creator\\4.4\\psoc creator\\import\\gnu\\arm\\5.4.
  23              		.file 3 "Generated_Source\\PSoC6\\pdl\\drivers/peripheral/device/cy_device.h"
  24              		.file 4 "Generated_Source\\PSoC6\\pdl\\drivers/peripheral/scb/cy_scb_i2c.h"
  25              		.file 5 "Generated_Source\\PSoC6\\pdl\\drivers/peripheral/scb/cy_scb_uart.h"
  26              		.file 6 "Generated_Source\\PSoC6\\pdl\\cmsis/include/core_cm4.h"
  27              		.file 7 "Generated_Source\\PSoC6/DEBUG_UART.h"
  28              		.file 8 "Generated_Source\\PSoC6/I2Cm.h"
  29              		.section	.debug_info,"",%progbits
  30              	.Ldebug_info0:
  31 0000 CE070000 		.4byte	0x7ce
  32 0004 0400     		.2byte	0x4
  33 0006 00000000 		.4byte	.Ldebug_abbrev0
  34 000a 04       		.byte	0x4
  35 000b 01       		.uleb128 0x1
  36 000c 04060000 		.4byte	.LASF160
  37 0010 0C       		.byte	0xc
  38 0011 6B040000 		.4byte	.LASF161
  39 0015 44090000 		.4byte	.LASF162
  40 0019 00000000 		.4byte	.Ldebug_line0
  41 001d 02       		.uleb128 0x2
  42 001e 04       		.byte	0x4
  43 001f 05       		.byte	0x5
  44 0020 696E7400 		.ascii	"int\000"
  45 0024 03       		.uleb128 0x3
  46 0025 04       		.byte	0x4
  47 0026 07       		.byte	0x7
  48 0027 85030000 		.4byte	.LASF0
  49 002b 03       		.uleb128 0x3
  50 002c 08       		.byte	0x8
  51 002d 05       		.byte	0x5
  52 002e A8010000 		.4byte	.LASF1
  53 0032 03       		.uleb128 0x3
  54 0033 08       		.byte	0x8
  55 0034 04       		.byte	0x4
  56 0035 08080000 		.4byte	.LASF2
  57 0039 03       		.uleb128 0x3
ARM GAS  C:\Users\Mathieu\AppData\Local\Temp\cc7COgEH.s 			page 2


  58 003a 01       		.byte	0x1
  59 003b 06       		.byte	0x6
  60 003c B6010000 		.4byte	.LASF3
  61 0040 04       		.uleb128 0x4
  62 0041 96000000 		.4byte	.LASF5
  63 0045 01       		.byte	0x1
  64 0046 1D       		.byte	0x1d
  65 0047 4B000000 		.4byte	0x4b
  66 004b 03       		.uleb128 0x3
  67 004c 01       		.byte	0x1
  68 004d 08       		.byte	0x8
  69 004e 3D070000 		.4byte	.LASF4
  70 0052 04       		.uleb128 0x4
  71 0053 33030000 		.4byte	.LASF6
  72 0057 01       		.byte	0x1
  73 0058 29       		.byte	0x29
  74 0059 5D000000 		.4byte	0x5d
  75 005d 03       		.uleb128 0x3
  76 005e 02       		.byte	0x2
  77 005f 05       		.byte	0x5
  78 0060 5F070000 		.4byte	.LASF7
  79 0064 04       		.uleb128 0x4
  80 0065 33080000 		.4byte	.LASF8
  81 0069 01       		.byte	0x1
  82 006a 2B       		.byte	0x2b
  83 006b 6F000000 		.4byte	0x6f
  84 006f 03       		.uleb128 0x3
  85 0070 02       		.byte	0x2
  86 0071 07       		.byte	0x7
  87 0072 AA080000 		.4byte	.LASF9
  88 0076 04       		.uleb128 0x4
  89 0077 51080000 		.4byte	.LASF10
  90 007b 01       		.byte	0x1
  91 007c 3F       		.byte	0x3f
  92 007d 81000000 		.4byte	0x81
  93 0081 03       		.uleb128 0x3
  94 0082 04       		.byte	0x4
  95 0083 05       		.byte	0x5
  96 0084 4F020000 		.4byte	.LASF11
  97 0088 04       		.uleb128 0x4
  98 0089 18030000 		.4byte	.LASF12
  99 008d 01       		.byte	0x1
 100 008e 41       		.byte	0x41
 101 008f 93000000 		.4byte	0x93
 102 0093 03       		.uleb128 0x3
 103 0094 04       		.byte	0x4
 104 0095 07       		.byte	0x7
 105 0096 E2030000 		.4byte	.LASF13
 106 009a 03       		.uleb128 0x3
 107 009b 08       		.byte	0x8
 108 009c 07       		.byte	0x7
 109 009d F1000000 		.4byte	.LASF14
 110 00a1 04       		.uleb128 0x4
 111 00a2 CC090000 		.4byte	.LASF15
 112 00a6 02       		.byte	0x2
 113 00a7 18       		.byte	0x18
 114 00a8 40000000 		.4byte	0x40
ARM GAS  C:\Users\Mathieu\AppData\Local\Temp\cc7COgEH.s 			page 3


 115 00ac 04       		.uleb128 0x4
 116 00ad A0010000 		.4byte	.LASF16
 117 00b1 02       		.byte	0x2
 118 00b2 20       		.byte	0x20
 119 00b3 52000000 		.4byte	0x52
 120 00b7 04       		.uleb128 0x4
 121 00b8 A3030000 		.4byte	.LASF17
 122 00bc 02       		.byte	0x2
 123 00bd 24       		.byte	0x24
 124 00be 64000000 		.4byte	0x64
 125 00c2 04       		.uleb128 0x4
 126 00c3 35070000 		.4byte	.LASF18
 127 00c7 02       		.byte	0x2
 128 00c8 2C       		.byte	0x2c
 129 00c9 76000000 		.4byte	0x76
 130 00cd 04       		.uleb128 0x4
 131 00ce E6070000 		.4byte	.LASF19
 132 00d2 02       		.byte	0x2
 133 00d3 30       		.byte	0x30
 134 00d4 88000000 		.4byte	0x88
 135 00d8 05       		.uleb128 0x5
 136 00d9 CD000000 		.4byte	0xcd
 137 00dd 03       		.uleb128 0x3
 138 00de 04       		.byte	0x4
 139 00df 07       		.byte	0x7
 140 00e0 5F050000 		.4byte	.LASF20
 141 00e4 06       		.uleb128 0x6
 142 00e5 B8       		.byte	0xb8
 143 00e6 03       		.byte	0x3
 144 00e7 34       		.byte	0x34
 145 00e8 F5040000 		.4byte	0x4f5
 146 00ec 07       		.uleb128 0x7
 147 00ed D8000000 		.4byte	.LASF21
 148 00f1 03       		.byte	0x3
 149 00f2 37       		.byte	0x37
 150 00f3 CD000000 		.4byte	0xcd
 151 00f7 00       		.byte	0
 152 00f8 07       		.uleb128 0x7
 153 00f9 0D030000 		.4byte	.LASF22
 154 00fd 03       		.byte	0x3
 155 00fe 38       		.byte	0x38
 156 00ff CD000000 		.4byte	0xcd
 157 0103 04       		.byte	0x4
 158 0104 07       		.uleb128 0x7
 159 0105 94020000 		.4byte	.LASF23
 160 0109 03       		.byte	0x3
 161 010a 39       		.byte	0x39
 162 010b CD000000 		.4byte	0xcd
 163 010f 08       		.byte	0x8
 164 0110 07       		.uleb128 0x7
 165 0111 18070000 		.4byte	.LASF24
 166 0115 03       		.byte	0x3
 167 0116 3A       		.byte	0x3a
 168 0117 CD000000 		.4byte	0xcd
 169 011b 0C       		.byte	0xc
 170 011c 07       		.uleb128 0x7
 171 011d D7010000 		.4byte	.LASF25
ARM GAS  C:\Users\Mathieu\AppData\Local\Temp\cc7COgEH.s 			page 4


 172 0121 03       		.byte	0x3
 173 0122 3B       		.byte	0x3b
 174 0123 CD000000 		.4byte	0xcd
 175 0127 10       		.byte	0x10
 176 0128 07       		.uleb128 0x7
 177 0129 21020000 		.4byte	.LASF26
 178 012d 03       		.byte	0x3
 179 012e 3C       		.byte	0x3c
 180 012f CD000000 		.4byte	0xcd
 181 0133 14       		.byte	0x14
 182 0134 07       		.uleb128 0x7
 183 0135 1E040000 		.4byte	.LASF27
 184 0139 03       		.byte	0x3
 185 013a 3D       		.byte	0x3d
 186 013b CD000000 		.4byte	0xcd
 187 013f 18       		.byte	0x18
 188 0140 07       		.uleb128 0x7
 189 0141 7F000000 		.4byte	.LASF28
 190 0145 03       		.byte	0x3
 191 0146 3E       		.byte	0x3e
 192 0147 CD000000 		.4byte	0xcd
 193 014b 1C       		.byte	0x1c
 194 014c 07       		.uleb128 0x7
 195 014d 350A0000 		.4byte	.LASF29
 196 0151 03       		.byte	0x3
 197 0152 3F       		.byte	0x3f
 198 0153 CD000000 		.4byte	0xcd
 199 0157 20       		.byte	0x20
 200 0158 07       		.uleb128 0x7
 201 0159 EC050000 		.4byte	.LASF30
 202 015d 03       		.byte	0x3
 203 015e 40       		.byte	0x40
 204 015f CD000000 		.4byte	0xcd
 205 0163 24       		.byte	0x24
 206 0164 07       		.uleb128 0x7
 207 0165 31050000 		.4byte	.LASF31
 208 0169 03       		.byte	0x3
 209 016a 43       		.byte	0x43
 210 016b A1000000 		.4byte	0xa1
 211 016f 28       		.byte	0x28
 212 0170 07       		.uleb128 0x7
 213 0171 65000000 		.4byte	.LASF32
 214 0175 03       		.byte	0x3
 215 0176 44       		.byte	0x44
 216 0177 A1000000 		.4byte	0xa1
 217 017b 29       		.byte	0x29
 218 017c 07       		.uleb128 0x7
 219 017d 2B0A0000 		.4byte	.LASF33
 220 0181 03       		.byte	0x3
 221 0182 45       		.byte	0x45
 222 0183 A1000000 		.4byte	0xa1
 223 0187 2A       		.byte	0x2a
 224 0188 07       		.uleb128 0x7
 225 0189 DE050000 		.4byte	.LASF34
 226 018d 03       		.byte	0x3
 227 018e 46       		.byte	0x46
 228 018f A1000000 		.4byte	0xa1
ARM GAS  C:\Users\Mathieu\AppData\Local\Temp\cc7COgEH.s 			page 5


 229 0193 2B       		.byte	0x2b
 230 0194 07       		.uleb128 0x7
 231 0195 BA040000 		.4byte	.LASF35
 232 0199 03       		.byte	0x3
 233 019a 47       		.byte	0x47
 234 019b A1000000 		.4byte	0xa1
 235 019f 2C       		.byte	0x2c
 236 01a0 07       		.uleb128 0x7
 237 01a1 68080000 		.4byte	.LASF36
 238 01a5 03       		.byte	0x3
 239 01a6 48       		.byte	0x48
 240 01a7 A1000000 		.4byte	0xa1
 241 01ab 2D       		.byte	0x2d
 242 01ac 07       		.uleb128 0x7
 243 01ad E0010000 		.4byte	.LASF37
 244 01b1 03       		.byte	0x3
 245 01b2 49       		.byte	0x49
 246 01b3 A1000000 		.4byte	0xa1
 247 01b7 2E       		.byte	0x2e
 248 01b8 07       		.uleb128 0x7
 249 01b9 3E050000 		.4byte	.LASF38
 250 01bd 03       		.byte	0x3
 251 01be 4A       		.byte	0x4a
 252 01bf A1000000 		.4byte	0xa1
 253 01c3 2F       		.byte	0x2f
 254 01c4 07       		.uleb128 0x7
 255 01c5 19080000 		.4byte	.LASF39
 256 01c9 03       		.byte	0x3
 257 01ca 4B       		.byte	0x4b
 258 01cb A1000000 		.4byte	0xa1
 259 01cf 30       		.byte	0x30
 260 01d0 07       		.uleb128 0x7
 261 01d1 13040000 		.4byte	.LASF40
 262 01d5 03       		.byte	0x3
 263 01d6 4E       		.byte	0x4e
 264 01d7 A1000000 		.4byte	0xa1
 265 01db 31       		.byte	0x31
 266 01dc 07       		.uleb128 0x7
 267 01dd 88000000 		.4byte	.LASF41
 268 01e1 03       		.byte	0x3
 269 01e2 4F       		.byte	0x4f
 270 01e3 A1000000 		.4byte	0xa1
 271 01e7 32       		.byte	0x32
 272 01e8 07       		.uleb128 0x7
 273 01e9 79030000 		.4byte	.LASF42
 274 01ed 03       		.byte	0x3
 275 01ee 50       		.byte	0x50
 276 01ef A1000000 		.4byte	0xa1
 277 01f3 33       		.byte	0x33
 278 01f4 07       		.uleb128 0x7
 279 01f5 83050000 		.4byte	.LASF43
 280 01f9 03       		.byte	0x3
 281 01fa 51       		.byte	0x51
 282 01fb A1000000 		.4byte	0xa1
 283 01ff 34       		.byte	0x34
 284 0200 07       		.uleb128 0x7
 285 0201 DE080000 		.4byte	.LASF44
ARM GAS  C:\Users\Mathieu\AppData\Local\Temp\cc7COgEH.s 			page 6


 286 0205 03       		.byte	0x3
 287 0206 52       		.byte	0x52
 288 0207 AC000000 		.4byte	0xac
 289 020b 36       		.byte	0x36
 290 020c 07       		.uleb128 0x7
 291 020d AE020000 		.4byte	.LASF45
 292 0211 03       		.byte	0x3
 293 0212 53       		.byte	0x53
 294 0213 AC000000 		.4byte	0xac
 295 0217 38       		.byte	0x38
 296 0218 07       		.uleb128 0x7
 297 0219 87080000 		.4byte	.LASF46
 298 021d 03       		.byte	0x3
 299 021e 54       		.byte	0x54
 300 021f AC000000 		.4byte	0xac
 301 0223 3A       		.byte	0x3a
 302 0224 07       		.uleb128 0x7
 303 0225 12020000 		.4byte	.LASF47
 304 0229 03       		.byte	0x3
 305 022a 55       		.byte	0x55
 306 022b A1000000 		.4byte	0xa1
 307 022f 3C       		.byte	0x3c
 308 0230 07       		.uleb128 0x7
 309 0231 D5020000 		.4byte	.LASF48
 310 0235 03       		.byte	0x3
 311 0236 56       		.byte	0x56
 312 0237 A1000000 		.4byte	0xa1
 313 023b 3D       		.byte	0x3d
 314 023c 07       		.uleb128 0x7
 315 023d 12000000 		.4byte	.LASF49
 316 0241 03       		.byte	0x3
 317 0242 57       		.byte	0x57
 318 0243 A1000000 		.4byte	0xa1
 319 0247 3E       		.byte	0x3e
 320 0248 07       		.uleb128 0x7
 321 0249 73000000 		.4byte	.LASF50
 322 024d 03       		.byte	0x3
 323 024e 58       		.byte	0x58
 324 024f A1000000 		.4byte	0xa1
 325 0253 3F       		.byte	0x3f
 326 0254 07       		.uleb128 0x7
 327 0255 F7050000 		.4byte	.LASF51
 328 0259 03       		.byte	0x3
 329 025a 59       		.byte	0x59
 330 025b A1000000 		.4byte	0xa1
 331 025f 40       		.byte	0x40
 332 0260 07       		.uleb128 0x7
 333 0261 23030000 		.4byte	.LASF52
 334 0265 03       		.byte	0x3
 335 0266 5A       		.byte	0x5a
 336 0267 A1000000 		.4byte	0xa1
 337 026b 41       		.byte	0x41
 338 026c 07       		.uleb128 0x7
 339 026d DC040000 		.4byte	.LASF53
 340 0271 03       		.byte	0x3
 341 0272 5B       		.byte	0x5b
 342 0273 A1000000 		.4byte	0xa1
ARM GAS  C:\Users\Mathieu\AppData\Local\Temp\cc7COgEH.s 			page 7


 343 0277 42       		.byte	0x42
 344 0278 07       		.uleb128 0x7
 345 0279 CA050000 		.4byte	.LASF54
 346 027d 03       		.byte	0x3
 347 027e 5C       		.byte	0x5c
 348 027f A1000000 		.4byte	0xa1
 349 0283 43       		.byte	0x43
 350 0284 07       		.uleb128 0x7
 351 0285 9D020000 		.4byte	.LASF55
 352 0289 03       		.byte	0x3
 353 028a 5D       		.byte	0x5d
 354 028b A1000000 		.4byte	0xa1
 355 028f 44       		.byte	0x44
 356 0290 07       		.uleb128 0x7
 357 0291 00000000 		.4byte	.LASF56
 358 0295 03       		.byte	0x3
 359 0296 5E       		.byte	0x5e
 360 0297 CD000000 		.4byte	0xcd
 361 029b 48       		.byte	0x48
 362 029c 07       		.uleb128 0x7
 363 029d 86020000 		.4byte	.LASF57
 364 02a1 03       		.byte	0x3
 365 02a2 5F       		.byte	0x5f
 366 02a3 CD000000 		.4byte	0xcd
 367 02a7 4C       		.byte	0x4c
 368 02a8 07       		.uleb128 0x7
 369 02a9 6B0A0000 		.4byte	.LASF58
 370 02ad 03       		.byte	0x3
 371 02ae 60       		.byte	0x60
 372 02af A1000000 		.4byte	0xa1
 373 02b3 50       		.byte	0x50
 374 02b4 07       		.uleb128 0x7
 375 02b5 52010000 		.4byte	.LASF59
 376 02b9 03       		.byte	0x3
 377 02ba 61       		.byte	0x61
 378 02bb A1000000 		.4byte	0xa1
 379 02bf 51       		.byte	0x51
 380 02c0 07       		.uleb128 0x7
 381 02c1 BC090000 		.4byte	.LASF60
 382 02c5 03       		.byte	0x3
 383 02c6 62       		.byte	0x62
 384 02c7 A1000000 		.4byte	0xa1
 385 02cb 52       		.byte	0x52
 386 02cc 07       		.uleb128 0x7
 387 02cd 75080000 		.4byte	.LASF61
 388 02d1 03       		.byte	0x3
 389 02d2 63       		.byte	0x63
 390 02d3 A1000000 		.4byte	0xa1
 391 02d7 53       		.byte	0x53
 392 02d8 07       		.uleb128 0x7
 393 02d9 D6070000 		.4byte	.LASF62
 394 02dd 03       		.byte	0x3
 395 02de 64       		.byte	0x64
 396 02df A1000000 		.4byte	0xa1
 397 02e3 54       		.byte	0x54
 398 02e4 07       		.uleb128 0x7
 399 02e5 8C010000 		.4byte	.LASF63
ARM GAS  C:\Users\Mathieu\AppData\Local\Temp\cc7COgEH.s 			page 8


 400 02e9 03       		.byte	0x3
 401 02ea 65       		.byte	0x65
 402 02eb A1000000 		.4byte	0xa1
 403 02ef 55       		.byte	0x55
 404 02f0 07       		.uleb128 0x7
 405 02f1 CE030000 		.4byte	.LASF64
 406 02f5 03       		.byte	0x3
 407 02f6 66       		.byte	0x66
 408 02f7 A1000000 		.4byte	0xa1
 409 02fb 56       		.byte	0x56
 410 02fc 07       		.uleb128 0x7
 411 02fd 27040000 		.4byte	.LASF65
 412 0301 03       		.byte	0x3
 413 0302 67       		.byte	0x67
 414 0303 A1000000 		.4byte	0xa1
 415 0307 57       		.byte	0x57
 416 0308 07       		.uleb128 0x7
 417 0309 2A000000 		.4byte	.LASF66
 418 030d 03       		.byte	0x3
 419 030e 68       		.byte	0x68
 420 030f A1000000 		.4byte	0xa1
 421 0313 58       		.byte	0x58
 422 0314 07       		.uleb128 0x7
 423 0315 4B070000 		.4byte	.LASF67
 424 0319 03       		.byte	0x3
 425 031a 69       		.byte	0x69
 426 031b A1000000 		.4byte	0xa1
 427 031f 59       		.byte	0x59
 428 0320 07       		.uleb128 0x7
 429 0321 68050000 		.4byte	.LASF68
 430 0325 03       		.byte	0x3
 431 0326 6E       		.byte	0x6e
 432 0327 B7000000 		.4byte	0xb7
 433 032b 5A       		.byte	0x5a
 434 032c 07       		.uleb128 0x7
 435 032d BD080000 		.4byte	.LASF69
 436 0331 03       		.byte	0x3
 437 0332 6F       		.byte	0x6f
 438 0333 B7000000 		.4byte	0xb7
 439 0337 5C       		.byte	0x5c
 440 0338 07       		.uleb128 0x7
 441 0339 E2000000 		.4byte	.LASF70
 442 033d 03       		.byte	0x3
 443 033e 70       		.byte	0x70
 444 033f A1000000 		.4byte	0xa1
 445 0343 5E       		.byte	0x5e
 446 0344 07       		.uleb128 0x7
 447 0345 E4060000 		.4byte	.LASF71
 448 0349 03       		.byte	0x3
 449 034a 71       		.byte	0x71
 450 034b A1000000 		.4byte	0xa1
 451 034f 5F       		.byte	0x5f
 452 0350 07       		.uleb128 0x7
 453 0351 B9050000 		.4byte	.LASF72
 454 0355 03       		.byte	0x3
 455 0356 72       		.byte	0x72
 456 0357 A1000000 		.4byte	0xa1
ARM GAS  C:\Users\Mathieu\AppData\Local\Temp\cc7COgEH.s 			page 9


 457 035b 60       		.byte	0x60
 458 035c 07       		.uleb128 0x7
 459 035d BD060000 		.4byte	.LASF73
 460 0361 03       		.byte	0x3
 461 0362 73       		.byte	0x73
 462 0363 CD000000 		.4byte	0xcd
 463 0367 64       		.byte	0x64
 464 0368 07       		.uleb128 0x7
 465 0369 08010000 		.4byte	.LASF74
 466 036d 03       		.byte	0x3
 467 036e 76       		.byte	0x76
 468 036f B7000000 		.4byte	0xb7
 469 0373 68       		.byte	0x68
 470 0374 07       		.uleb128 0x7
 471 0375 BC030000 		.4byte	.LASF75
 472 0379 03       		.byte	0x3
 473 037a 77       		.byte	0x77
 474 037b B7000000 		.4byte	0xb7
 475 037f 6A       		.byte	0x6a
 476 0380 07       		.uleb128 0x7
 477 0381 45040000 		.4byte	.LASF76
 478 0385 03       		.byte	0x3
 479 0386 78       		.byte	0x78
 480 0387 B7000000 		.4byte	0xb7
 481 038b 6C       		.byte	0x6c
 482 038c 07       		.uleb128 0x7
 483 038d AD040000 		.4byte	.LASF77
 484 0391 03       		.byte	0x3
 485 0392 79       		.byte	0x79
 486 0393 B7000000 		.4byte	0xb7
 487 0397 6E       		.byte	0x6e
 488 0398 07       		.uleb128 0x7
 489 0399 7A070000 		.4byte	.LASF78
 490 039d 03       		.byte	0x3
 491 039e 7B       		.byte	0x7b
 492 039f A1000000 		.4byte	0xa1
 493 03a3 70       		.byte	0x70
 494 03a4 07       		.uleb128 0x7
 495 03a5 C2010000 		.4byte	.LASF79
 496 03a9 03       		.byte	0x3
 497 03aa 7C       		.byte	0x7c
 498 03ab A1000000 		.4byte	0xa1
 499 03af 71       		.byte	0x71
 500 03b0 07       		.uleb128 0x7
 501 03b1 3D0A0000 		.4byte	.LASF80
 502 03b5 03       		.byte	0x3
 503 03b6 7D       		.byte	0x7d
 504 03b7 A1000000 		.4byte	0xa1
 505 03bb 72       		.byte	0x72
 506 03bc 07       		.uleb128 0x7
 507 03bd 94050000 		.4byte	.LASF81
 508 03c1 03       		.byte	0x3
 509 03c2 7E       		.byte	0x7e
 510 03c3 A1000000 		.4byte	0xa1
 511 03c7 73       		.byte	0x73
 512 03c8 07       		.uleb128 0x7
 513 03c9 E0020000 		.4byte	.LASF82
ARM GAS  C:\Users\Mathieu\AppData\Local\Temp\cc7COgEH.s 			page 10


 514 03cd 03       		.byte	0x3
 515 03ce 80       		.byte	0x80
 516 03cf B7000000 		.4byte	0xb7
 517 03d3 74       		.byte	0x74
 518 03d4 07       		.uleb128 0x7
 519 03d5 3E080000 		.4byte	.LASF83
 520 03d9 03       		.byte	0x3
 521 03da 81       		.byte	0x81
 522 03db B7000000 		.4byte	0xb7
 523 03df 76       		.byte	0x76
 524 03e0 07       		.uleb128 0x7
 525 03e1 C0020000 		.4byte	.LASF84
 526 03e5 03       		.byte	0x3
 527 03e6 82       		.byte	0x82
 528 03e7 B7000000 		.4byte	0xb7
 529 03eb 78       		.byte	0x78
 530 03ec 07       		.uleb128 0x7
 531 03ed AC000000 		.4byte	.LASF85
 532 03f1 03       		.byte	0x3
 533 03f2 83       		.byte	0x83
 534 03f3 B7000000 		.4byte	0xb7
 535 03f7 7A       		.byte	0x7a
 536 03f8 07       		.uleb128 0x7
 537 03f9 E9090000 		.4byte	.LASF86
 538 03fd 03       		.byte	0x3
 539 03fe 86       		.byte	0x86
 540 03ff A1000000 		.4byte	0xa1
 541 0403 7C       		.byte	0x7c
 542 0404 07       		.uleb128 0x7
 543 0405 EB080000 		.4byte	.LASF87
 544 0409 03       		.byte	0x3
 545 040a 87       		.byte	0x87
 546 040b A1000000 		.4byte	0xa1
 547 040f 7D       		.byte	0x7d
 548 0410 07       		.uleb128 0x7
 549 0411 3E000000 		.4byte	.LASF88
 550 0415 03       		.byte	0x3
 551 0416 88       		.byte	0x88
 552 0417 A1000000 		.4byte	0xa1
 553 041b 7E       		.byte	0x7e
 554 041c 07       		.uleb128 0x7
 555 041d F2020000 		.4byte	.LASF89
 556 0421 03       		.byte	0x3
 557 0422 89       		.byte	0x89
 558 0423 A1000000 		.4byte	0xa1
 559 0427 7F       		.byte	0x7f
 560 0428 07       		.uleb128 0x7
 561 0429 65030000 		.4byte	.LASF90
 562 042d 03       		.byte	0x3
 563 042e 8A       		.byte	0x8a
 564 042f A1000000 		.4byte	0xa1
 565 0433 80       		.byte	0x80
 566 0434 07       		.uleb128 0x7
 567 0435 1A050000 		.4byte	.LASF91
 568 0439 03       		.byte	0x3
 569 043a 8D       		.byte	0x8d
 570 043b CD000000 		.4byte	0xcd
ARM GAS  C:\Users\Mathieu\AppData\Local\Temp\cc7COgEH.s 			page 11


 571 043f 84       		.byte	0x84
 572 0440 07       		.uleb128 0x7
 573 0441 C1000000 		.4byte	.LASF92
 574 0445 03       		.byte	0x3
 575 0446 8E       		.byte	0x8e
 576 0447 CD000000 		.4byte	0xcd
 577 044b 88       		.byte	0x88
 578 044c 07       		.uleb128 0x7
 579 044d D4090000 		.4byte	.LASF93
 580 0451 03       		.byte	0x3
 581 0452 8F       		.byte	0x8f
 582 0453 CD000000 		.4byte	0xcd
 583 0457 8C       		.byte	0x8c
 584 0458 07       		.uleb128 0x7
 585 0459 4A050000 		.4byte	.LASF94
 586 045d 03       		.byte	0x3
 587 045e 90       		.byte	0x90
 588 045f CD000000 		.4byte	0xcd
 589 0463 90       		.byte	0x90
 590 0464 07       		.uleb128 0x7
 591 0465 46030000 		.4byte	.LASF95
 592 0469 03       		.byte	0x3
 593 046a 91       		.byte	0x91
 594 046b CD000000 		.4byte	0xcd
 595 046f 94       		.byte	0x94
 596 0470 07       		.uleb128 0x7
 597 0471 F6040000 		.4byte	.LASF96
 598 0475 03       		.byte	0x3
 599 0476 92       		.byte	0x92
 600 0477 CD000000 		.4byte	0xcd
 601 047b 98       		.byte	0x98
 602 047c 07       		.uleb128 0x7
 603 047d 0C0A0000 		.4byte	.LASF97
 604 0481 03       		.byte	0x3
 605 0482 93       		.byte	0x93
 606 0483 CD000000 		.4byte	0xcd
 607 0487 9C       		.byte	0x9c
 608 0488 07       		.uleb128 0x7
 609 0489 22010000 		.4byte	.LASF98
 610 048d 03       		.byte	0x3
 611 048e 94       		.byte	0x94
 612 048f CD000000 		.4byte	0xcd
 613 0493 A0       		.byte	0xa0
 614 0494 07       		.uleb128 0x7
 615 0495 FD010000 		.4byte	.LASF99
 616 0499 03       		.byte	0x3
 617 049a 95       		.byte	0x95
 618 049b B7000000 		.4byte	0xb7
 619 049f A4       		.byte	0xa4
 620 04a0 07       		.uleb128 0x7
 621 04a1 A7090000 		.4byte	.LASF100
 622 04a5 03       		.byte	0x3
 623 04a6 96       		.byte	0x96
 624 04a7 B7000000 		.4byte	0xb7
 625 04ab A6       		.byte	0xa6
 626 04ac 07       		.uleb128 0x7
 627 04ad D8060000 		.4byte	.LASF101
ARM GAS  C:\Users\Mathieu\AppData\Local\Temp\cc7COgEH.s 			page 12


 628 04b1 03       		.byte	0x3
 629 04b2 97       		.byte	0x97
 630 04b3 B7000000 		.4byte	0xb7
 631 04b7 A8       		.byte	0xa8
 632 04b8 07       		.uleb128 0x7
 633 04b9 25080000 		.4byte	.LASF102
 634 04bd 03       		.byte	0x3
 635 04be 98       		.byte	0x98
 636 04bf B7000000 		.4byte	0xb7
 637 04c3 AA       		.byte	0xaa
 638 04c4 07       		.uleb128 0x7
 639 04c5 54040000 		.4byte	.LASF103
 640 04c9 03       		.byte	0x3
 641 04ca 99       		.byte	0x99
 642 04cb B7000000 		.4byte	0xb7
 643 04cf AC       		.byte	0xac
 644 04d0 07       		.uleb128 0x7
 645 04d1 AB050000 		.4byte	.LASF104
 646 04d5 03       		.byte	0x3
 647 04d6 9A       		.byte	0x9a
 648 04d7 B7000000 		.4byte	0xb7
 649 04db AE       		.byte	0xae
 650 04dc 07       		.uleb128 0x7
 651 04dd C6080000 		.4byte	.LASF105
 652 04e1 03       		.byte	0x3
 653 04e2 9D       		.byte	0x9d
 654 04e3 B7000000 		.4byte	0xb7
 655 04e7 B0       		.byte	0xb0
 656 04e8 07       		.uleb128 0x7
 657 04e9 51000000 		.4byte	.LASF106
 658 04ed 03       		.byte	0x3
 659 04ee 9E       		.byte	0x9e
 660 04ef CD000000 		.4byte	0xcd
 661 04f3 B4       		.byte	0xb4
 662 04f4 00       		.byte	0
 663 04f5 04       		.uleb128 0x4
 664 04f6 CC040000 		.4byte	.LASF107
 665 04fa 03       		.byte	0x3
 666 04fb 9F       		.byte	0x9f
 667 04fc E4000000 		.4byte	0xe4
 668 0500 03       		.uleb128 0x3
 669 0501 01       		.byte	0x1
 670 0502 08       		.byte	0x8
 671 0503 14080000 		.4byte	.LASF108
 672 0507 03       		.uleb128 0x3
 673 0508 04       		.byte	0x4
 674 0509 04       		.byte	0x4
 675 050a B7060000 		.4byte	.LASF109
 676 050e 03       		.uleb128 0x3
 677 050f 08       		.byte	0x8
 678 0510 04       		.byte	0x4
 679 0511 B9020000 		.4byte	.LASF110
 680 0515 08       		.uleb128 0x8
 681 0516 04       		.byte	0x4
 682 0517 03       		.uleb128 0x3
 683 0518 01       		.byte	0x1
 684 0519 02       		.byte	0x2
ARM GAS  C:\Users\Mathieu\AppData\Local\Temp\cc7COgEH.s 			page 13


 685 051a 2F070000 		.4byte	.LASF111
 686 051e 09       		.uleb128 0x9
 687 051f 01       		.byte	0x1
 688 0520 4B000000 		.4byte	0x4b
 689 0524 04       		.byte	0x4
 690 0525 2402     		.2byte	0x224
 691 0527 38050000 		.4byte	0x538
 692 052b 0A       		.uleb128 0xa
 693 052c 20070000 		.4byte	.LASF112
 694 0530 00       		.byte	0
 695 0531 0A       		.uleb128 0xa
 696 0532 64020000 		.4byte	.LASF113
 697 0536 01       		.byte	0x1
 698 0537 00       		.byte	0
 699 0538 0B       		.uleb128 0xb
 700 0539 8F090000 		.4byte	.LASF114
 701 053d 04       		.byte	0x4
 702 053e 2702     		.2byte	0x227
 703 0540 1E050000 		.4byte	0x51e
 704 0544 0B       		.uleb128 0xb
 705 0545 31020000 		.4byte	.LASF115
 706 0549 04       		.byte	0x4
 707 054a 3902     		.2byte	0x239
 708 054c 50050000 		.4byte	0x550
 709 0550 0C       		.uleb128 0xc
 710 0551 04       		.byte	0x4
 711 0552 56050000 		.4byte	0x556
 712 0556 0D       		.uleb128 0xd
 713 0557 61050000 		.4byte	0x561
 714 055b 0E       		.uleb128 0xe
 715 055c CD000000 		.4byte	0xcd
 716 0560 00       		.byte	0
 717 0561 0B       		.uleb128 0xb
 718 0562 9A070000 		.4byte	.LASF116
 719 0566 04       		.byte	0x4
 720 0567 4402     		.2byte	0x244
 721 0569 6D050000 		.4byte	0x56d
 722 056d 0C       		.uleb128 0xc
 723 056e 04       		.byte	0x4
 724 056f 73050000 		.4byte	0x573
 725 0573 0F       		.uleb128 0xf
 726 0574 38050000 		.4byte	0x538
 727 0578 82050000 		.4byte	0x582
 728 057c 0E       		.uleb128 0xe
 729 057d CD000000 		.4byte	0xcd
 730 0581 00       		.byte	0
 731 0582 10       		.uleb128 0x10
 732 0583 75010000 		.4byte	.LASF140
 733 0587 4C       		.byte	0x4c
 734 0588 04       		.byte	0x4
 735 0589 C302     		.2byte	0x2c3
 736 058b A1060000 		.4byte	0x6a1
 737 058f 11       		.uleb128 0x11
 738 0590 D4080000 		.4byte	.LASF117
 739 0594 04       		.byte	0x4
 740 0595 C602     		.2byte	0x2c6
 741 0597 17050000 		.4byte	0x517
ARM GAS  C:\Users\Mathieu\AppData\Local\Temp\cc7COgEH.s 			page 14


 742 059b 00       		.byte	0
 743 059c 11       		.uleb128 0x11
 744 059d 3B040000 		.4byte	.LASF118
 745 05a1 04       		.byte	0x4
 746 05a2 C702     		.2byte	0x2c7
 747 05a4 17050000 		.4byte	0x517
 748 05a8 01       		.byte	0x1
 749 05a9 11       		.uleb128 0x11
 750 05aa 2B020000 		.4byte	.LASF119
 751 05ae 04       		.byte	0x4
 752 05af C902     		.2byte	0x2c9
 753 05b1 D8000000 		.4byte	0xd8
 754 05b5 04       		.byte	0x4
 755 05b6 11       		.uleb128 0x11
 756 05b7 38010000 		.4byte	.LASF120
 757 05bb 04       		.byte	0x4
 758 05bc CB02     		.2byte	0x2cb
 759 05be D8000000 		.4byte	0xd8
 760 05c2 08       		.byte	0x8
 761 05c3 11       		.uleb128 0x11
 762 05c4 8E070000 		.4byte	.LASF121
 763 05c8 04       		.byte	0x4
 764 05c9 CC02     		.2byte	0x2cc
 765 05cb 17050000 		.4byte	0x517
 766 05cf 0C       		.byte	0xc
 767 05d0 11       		.uleb128 0x11
 768 05d1 58020000 		.4byte	.LASF122
 769 05d5 04       		.byte	0x4
 770 05d6 CD02     		.2byte	0x2cd
 771 05d8 17050000 		.4byte	0x517
 772 05dc 0D       		.byte	0xd
 773 05dd 11       		.uleb128 0x11
 774 05de 5B080000 		.4byte	.LASF123
 775 05e2 04       		.byte	0x4
 776 05e3 CF02     		.2byte	0x2cf
 777 05e5 A1060000 		.4byte	0x6a1
 778 05e9 10       		.byte	0x10
 779 05ea 11       		.uleb128 0x11
 780 05eb 69070000 		.4byte	.LASF124
 781 05ef 04       		.byte	0x4
 782 05f0 D002     		.2byte	0x2d0
 783 05f2 CD000000 		.4byte	0xcd
 784 05f6 14       		.byte	0x14
 785 05f7 11       		.uleb128 0x11
 786 05f8 73050000 		.4byte	.LASF125
 787 05fc 04       		.byte	0x4
 788 05fd D102     		.2byte	0x2d1
 789 05ff D8000000 		.4byte	0xd8
 790 0603 18       		.byte	0x18
 791 0604 11       		.uleb128 0x11
 792 0605 B6070000 		.4byte	.LASF126
 793 0609 04       		.byte	0x4
 794 060a D202     		.2byte	0x2d2
 795 060c D8000000 		.4byte	0xd8
 796 0610 1C       		.byte	0x1c
 797 0611 11       		.uleb128 0x11
 798 0612 A0000000 		.4byte	.LASF127
ARM GAS  C:\Users\Mathieu\AppData\Local\Temp\cc7COgEH.s 			page 15


 799 0616 04       		.byte	0x4
 800 0617 D402     		.2byte	0x2d4
 801 0619 D8000000 		.4byte	0xd8
 802 061d 20       		.byte	0x20
 803 061e 11       		.uleb128 0x11
 804 061f AC030000 		.4byte	.LASF128
 805 0623 04       		.byte	0x4
 806 0624 D502     		.2byte	0x2d5
 807 0626 A7060000 		.4byte	0x6a7
 808 062a 24       		.byte	0x24
 809 062b 11       		.uleb128 0x11
 810 062c 0A090000 		.4byte	.LASF129
 811 0630 04       		.byte	0x4
 812 0631 D702     		.2byte	0x2d7
 813 0633 A1060000 		.4byte	0x6a1
 814 0637 28       		.byte	0x28
 815 0638 11       		.uleb128 0x11
 816 0639 18090000 		.4byte	.LASF130
 817 063d 04       		.byte	0x4
 818 063e D802     		.2byte	0x2d8
 819 0640 CD000000 		.4byte	0xcd
 820 0644 2C       		.byte	0x2c
 821 0645 11       		.uleb128 0x11
 822 0646 92030000 		.4byte	.LASF131
 823 064a 04       		.byte	0x4
 824 064b D902     		.2byte	0x2d9
 825 064d D8000000 		.4byte	0xd8
 826 0651 30       		.byte	0x30
 827 0652 11       		.uleb128 0x11
 828 0653 C5070000 		.4byte	.LASF132
 829 0657 04       		.byte	0x4
 830 0658 DA02     		.2byte	0x2da
 831 065a D8000000 		.4byte	0xd8
 832 065e 34       		.byte	0x34
 833 065f 11       		.uleb128 0x11
 834 0660 0C050000 		.4byte	.LASF133
 835 0664 04       		.byte	0x4
 836 0665 DC02     		.2byte	0x2dc
 837 0667 A1060000 		.4byte	0x6a1
 838 066b 38       		.byte	0x38
 839 066c 11       		.uleb128 0x11
 840 066d EB010000 		.4byte	.LASF134
 841 0671 04       		.byte	0x4
 842 0672 DD02     		.2byte	0x2dd
 843 0674 CD000000 		.4byte	0xcd
 844 0678 3C       		.byte	0x3c
 845 0679 11       		.uleb128 0x11
 846 067a 64010000 		.4byte	.LASF135
 847 067e 04       		.byte	0x4
 848 067f DE02     		.2byte	0x2de
 849 0681 D8000000 		.4byte	0xd8
 850 0685 40       		.byte	0x40
 851 0686 11       		.uleb128 0x11
 852 0687 62040000 		.4byte	.LASF136
 853 068b 04       		.byte	0x4
 854 068c E402     		.2byte	0x2e4
 855 068e 44050000 		.4byte	0x544
ARM GAS  C:\Users\Mathieu\AppData\Local\Temp\cc7COgEH.s 			page 16


 856 0692 44       		.byte	0x44
 857 0693 11       		.uleb128 0x11
 858 0694 06030000 		.4byte	.LASF137
 859 0698 04       		.byte	0x4
 860 0699 EB02     		.2byte	0x2eb
 861 069b 61050000 		.4byte	0x561
 862 069f 48       		.byte	0x48
 863 06a0 00       		.byte	0
 864 06a1 0C       		.uleb128 0xc
 865 06a2 04       		.byte	0x4
 866 06a3 A1000000 		.4byte	0xa1
 867 06a7 05       		.uleb128 0x5
 868 06a8 17050000 		.4byte	0x517
 869 06ac 0B       		.uleb128 0xb
 870 06ad EF070000 		.4byte	.LASF138
 871 06b1 04       		.byte	0x4
 872 06b2 EE02     		.2byte	0x2ee
 873 06b4 82050000 		.4byte	0x582
 874 06b8 0B       		.uleb128 0xb
 875 06b9 F4030000 		.4byte	.LASF139
 876 06bd 05       		.byte	0x5
 877 06be D901     		.2byte	0x1d9
 878 06c0 50050000 		.4byte	0x550
 879 06c4 10       		.uleb128 0x10
 880 06c5 530A0000 		.4byte	.LASF141
 881 06c9 38       		.byte	0x38
 882 06ca 05       		.byte	0x5
 883 06cb 7502     		.2byte	0x275
 884 06cd 88070000 		.4byte	0x788
 885 06d1 11       		.uleb128 0x11
 886 06d2 220A0000 		.4byte	.LASF142
 887 06d6 05       		.byte	0x5
 888 06d7 7802     		.2byte	0x278
 889 06d9 D8000000 		.4byte	0xd8
 890 06dd 00       		.byte	0
 891 06de 11       		.uleb128 0x11
 892 06df D5050000 		.4byte	.LASF143
 893 06e3 05       		.byte	0x5
 894 06e4 7902     		.2byte	0x279
 895 06e6 D8000000 		.4byte	0xd8
 896 06ea 04       		.byte	0x4
 897 06eb 11       		.uleb128 0x11
 898 06ec 18010000 		.4byte	.LASF144
 899 06f0 05       		.byte	0x5
 900 06f1 7B02     		.2byte	0x27b
 901 06f3 15050000 		.4byte	0x515
 902 06f7 08       		.byte	0x8
 903 06f8 11       		.uleb128 0x11
 904 06f9 9C080000 		.4byte	.LASF145
 905 06fd 05       		.byte	0x5
 906 06fe 7C02     		.2byte	0x27c
 907 0700 CD000000 		.4byte	0xcd
 908 0704 0C       		.byte	0xc
 909 0705 11       		.uleb128 0x11
 910 0706 E8040000 		.4byte	.LASF146
 911 070a 05       		.byte	0x5
 912 070b 7D02     		.2byte	0x27d
ARM GAS  C:\Users\Mathieu\AppData\Local\Temp\cc7COgEH.s 			page 17


 913 070d D8000000 		.4byte	0xd8
 914 0711 10       		.byte	0x10
 915 0712 11       		.uleb128 0x11
 916 0713 FE090000 		.4byte	.LASF147
 917 0717 05       		.byte	0x5
 918 0718 7E02     		.2byte	0x27e
 919 071a D8000000 		.4byte	0xd8
 920 071e 14       		.byte	0x14
 921 071f 11       		.uleb128 0x11
 922 0720 04090000 		.4byte	.LASF148
 923 0724 05       		.byte	0x5
 924 0725 8002     		.2byte	0x280
 925 0727 15050000 		.4byte	0x515
 926 072b 18       		.byte	0x18
 927 072c 11       		.uleb128 0x11
 928 072d 20000000 		.4byte	.LASF149
 929 0731 05       		.byte	0x5
 930 0732 8102     		.2byte	0x281
 931 0734 CD000000 		.4byte	0xcd
 932 0738 1C       		.byte	0x1c
 933 0739 11       		.uleb128 0x11
 934 073a 3D030000 		.4byte	.LASF150
 935 073e 05       		.byte	0x5
 936 073f 8202     		.2byte	0x282
 937 0741 D8000000 		.4byte	0xd8
 938 0745 20       		.byte	0x20
 939 0746 11       		.uleb128 0x11
 940 0747 C6040000 		.4byte	.LASF151
 941 074b 05       		.byte	0x5
 942 074c 8402     		.2byte	0x284
 943 074e 15050000 		.4byte	0x515
 944 0752 24       		.byte	0x24
 945 0753 11       		.uleb128 0x11
 946 0754 5B030000 		.4byte	.LASF152
 947 0758 05       		.byte	0x5
 948 0759 8502     		.2byte	0x285
 949 075b CD000000 		.4byte	0xcd
 950 075f 28       		.byte	0x28
 951 0760 11       		.uleb128 0x11
 952 0761 FA060000 		.4byte	.LASF153
 953 0765 05       		.byte	0x5
 954 0766 8602     		.2byte	0x286
 955 0768 D8000000 		.4byte	0xd8
 956 076c 2C       		.byte	0x2c
 957 076d 11       		.uleb128 0x11
 958 076e 62040000 		.4byte	.LASF136
 959 0772 05       		.byte	0x5
 960 0773 8B02     		.2byte	0x28b
 961 0775 B8060000 		.4byte	0x6b8
 962 0779 30       		.byte	0x30
 963 077a 11       		.uleb128 0x11
 964 077b FC080000 		.4byte	.LASF154
 965 077f 05       		.byte	0x5
 966 0780 8E02     		.2byte	0x28e
 967 0782 CD000000 		.4byte	0xcd
 968 0786 34       		.byte	0x34
 969 0787 00       		.byte	0
ARM GAS  C:\Users\Mathieu\AppData\Local\Temp\cc7COgEH.s 			page 18


 970 0788 0B       		.uleb128 0xb
 971 0789 2A090000 		.4byte	.LASF155
 972 078d 05       		.byte	0x5
 973 078e 9102     		.2byte	0x291
 974 0790 C4060000 		.4byte	0x6c4
 975 0794 12       		.uleb128 0x12
 976 0795 CE060000 		.4byte	.LASF156
 977 0799 03       		.byte	0x3
 978 079a A7       		.byte	0xa7
 979 079b 9F070000 		.4byte	0x79f
 980 079f 0C       		.uleb128 0xc
 981 07a0 04       		.byte	0x4
 982 07a1 A5070000 		.4byte	0x7a5
 983 07a5 13       		.uleb128 0x13
 984 07a6 F5040000 		.4byte	0x4f5
 985 07aa 14       		.uleb128 0x14
 986 07ab 45010000 		.4byte	.LASF157
 987 07af 06       		.byte	0x6
 988 07b0 F907     		.2byte	0x7f9
 989 07b2 B6070000 		.4byte	0x7b6
 990 07b6 05       		.uleb128 0x5
 991 07b7 C2000000 		.4byte	0xc2
 992 07bb 12       		.uleb128 0x12
 993 07bc 73020000 		.4byte	.LASF158
 994 07c0 07       		.byte	0x7
 995 07c1 87       		.byte	0x87
 996 07c2 88070000 		.4byte	0x788
 997 07c6 12       		.uleb128 0x12
 998 07c7 0B070000 		.4byte	.LASF159
 999 07cb 08       		.byte	0x8
 1000 07cc 7F       		.byte	0x7f
 1001 07cd AC060000 		.4byte	0x6ac
 1002 07d1 00       		.byte	0
 1003              		.section	.debug_abbrev,"",%progbits
 1004              	.Ldebug_abbrev0:
 1005 0000 01       		.uleb128 0x1
 1006 0001 11       		.uleb128 0x11
 1007 0002 01       		.byte	0x1
 1008 0003 25       		.uleb128 0x25
 1009 0004 0E       		.uleb128 0xe
 1010 0005 13       		.uleb128 0x13
 1011 0006 0B       		.uleb128 0xb
 1012 0007 03       		.uleb128 0x3
 1013 0008 0E       		.uleb128 0xe
 1014 0009 1B       		.uleb128 0x1b
 1015 000a 0E       		.uleb128 0xe
 1016 000b 10       		.uleb128 0x10
 1017 000c 17       		.uleb128 0x17
 1018 000d 00       		.byte	0
 1019 000e 00       		.byte	0
 1020 000f 02       		.uleb128 0x2
 1021 0010 24       		.uleb128 0x24
 1022 0011 00       		.byte	0
 1023 0012 0B       		.uleb128 0xb
 1024 0013 0B       		.uleb128 0xb
 1025 0014 3E       		.uleb128 0x3e
 1026 0015 0B       		.uleb128 0xb
ARM GAS  C:\Users\Mathieu\AppData\Local\Temp\cc7COgEH.s 			page 19


 1027 0016 03       		.uleb128 0x3
 1028 0017 08       		.uleb128 0x8
 1029 0018 00       		.byte	0
 1030 0019 00       		.byte	0
 1031 001a 03       		.uleb128 0x3
 1032 001b 24       		.uleb128 0x24
 1033 001c 00       		.byte	0
 1034 001d 0B       		.uleb128 0xb
 1035 001e 0B       		.uleb128 0xb
 1036 001f 3E       		.uleb128 0x3e
 1037 0020 0B       		.uleb128 0xb
 1038 0021 03       		.uleb128 0x3
 1039 0022 0E       		.uleb128 0xe
 1040 0023 00       		.byte	0
 1041 0024 00       		.byte	0
 1042 0025 04       		.uleb128 0x4
 1043 0026 16       		.uleb128 0x16
 1044 0027 00       		.byte	0
 1045 0028 03       		.uleb128 0x3
 1046 0029 0E       		.uleb128 0xe
 1047 002a 3A       		.uleb128 0x3a
 1048 002b 0B       		.uleb128 0xb
 1049 002c 3B       		.uleb128 0x3b
 1050 002d 0B       		.uleb128 0xb
 1051 002e 49       		.uleb128 0x49
 1052 002f 13       		.uleb128 0x13
 1053 0030 00       		.byte	0
 1054 0031 00       		.byte	0
 1055 0032 05       		.uleb128 0x5
 1056 0033 35       		.uleb128 0x35
 1057 0034 00       		.byte	0
 1058 0035 49       		.uleb128 0x49
 1059 0036 13       		.uleb128 0x13
 1060 0037 00       		.byte	0
 1061 0038 00       		.byte	0
 1062 0039 06       		.uleb128 0x6
 1063 003a 13       		.uleb128 0x13
 1064 003b 01       		.byte	0x1
 1065 003c 0B       		.uleb128 0xb
 1066 003d 0B       		.uleb128 0xb
 1067 003e 3A       		.uleb128 0x3a
 1068 003f 0B       		.uleb128 0xb
 1069 0040 3B       		.uleb128 0x3b
 1070 0041 0B       		.uleb128 0xb
 1071 0042 01       		.uleb128 0x1
 1072 0043 13       		.uleb128 0x13
 1073 0044 00       		.byte	0
 1074 0045 00       		.byte	0
 1075 0046 07       		.uleb128 0x7
 1076 0047 0D       		.uleb128 0xd
 1077 0048 00       		.byte	0
 1078 0049 03       		.uleb128 0x3
 1079 004a 0E       		.uleb128 0xe
 1080 004b 3A       		.uleb128 0x3a
 1081 004c 0B       		.uleb128 0xb
 1082 004d 3B       		.uleb128 0x3b
 1083 004e 0B       		.uleb128 0xb
ARM GAS  C:\Users\Mathieu\AppData\Local\Temp\cc7COgEH.s 			page 20


 1084 004f 49       		.uleb128 0x49
 1085 0050 13       		.uleb128 0x13
 1086 0051 38       		.uleb128 0x38
 1087 0052 0B       		.uleb128 0xb
 1088 0053 00       		.byte	0
 1089 0054 00       		.byte	0
 1090 0055 08       		.uleb128 0x8
 1091 0056 0F       		.uleb128 0xf
 1092 0057 00       		.byte	0
 1093 0058 0B       		.uleb128 0xb
 1094 0059 0B       		.uleb128 0xb
 1095 005a 00       		.byte	0
 1096 005b 00       		.byte	0
 1097 005c 09       		.uleb128 0x9
 1098 005d 04       		.uleb128 0x4
 1099 005e 01       		.byte	0x1
 1100 005f 0B       		.uleb128 0xb
 1101 0060 0B       		.uleb128 0xb
 1102 0061 49       		.uleb128 0x49
 1103 0062 13       		.uleb128 0x13
 1104 0063 3A       		.uleb128 0x3a
 1105 0064 0B       		.uleb128 0xb
 1106 0065 3B       		.uleb128 0x3b
 1107 0066 05       		.uleb128 0x5
 1108 0067 01       		.uleb128 0x1
 1109 0068 13       		.uleb128 0x13
 1110 0069 00       		.byte	0
 1111 006a 00       		.byte	0
 1112 006b 0A       		.uleb128 0xa
 1113 006c 28       		.uleb128 0x28
 1114 006d 00       		.byte	0
 1115 006e 03       		.uleb128 0x3
 1116 006f 0E       		.uleb128 0xe
 1117 0070 1C       		.uleb128 0x1c
 1118 0071 0B       		.uleb128 0xb
 1119 0072 00       		.byte	0
 1120 0073 00       		.byte	0
 1121 0074 0B       		.uleb128 0xb
 1122 0075 16       		.uleb128 0x16
 1123 0076 00       		.byte	0
 1124 0077 03       		.uleb128 0x3
 1125 0078 0E       		.uleb128 0xe
 1126 0079 3A       		.uleb128 0x3a
 1127 007a 0B       		.uleb128 0xb
 1128 007b 3B       		.uleb128 0x3b
 1129 007c 05       		.uleb128 0x5
 1130 007d 49       		.uleb128 0x49
 1131 007e 13       		.uleb128 0x13
 1132 007f 00       		.byte	0
 1133 0080 00       		.byte	0
 1134 0081 0C       		.uleb128 0xc
 1135 0082 0F       		.uleb128 0xf
 1136 0083 00       		.byte	0
 1137 0084 0B       		.uleb128 0xb
 1138 0085 0B       		.uleb128 0xb
 1139 0086 49       		.uleb128 0x49
 1140 0087 13       		.uleb128 0x13
ARM GAS  C:\Users\Mathieu\AppData\Local\Temp\cc7COgEH.s 			page 21


 1141 0088 00       		.byte	0
 1142 0089 00       		.byte	0
 1143 008a 0D       		.uleb128 0xd
 1144 008b 15       		.uleb128 0x15
 1145 008c 01       		.byte	0x1
 1146 008d 27       		.uleb128 0x27
 1147 008e 19       		.uleb128 0x19
 1148 008f 01       		.uleb128 0x1
 1149 0090 13       		.uleb128 0x13
 1150 0091 00       		.byte	0
 1151 0092 00       		.byte	0
 1152 0093 0E       		.uleb128 0xe
 1153 0094 05       		.uleb128 0x5
 1154 0095 00       		.byte	0
 1155 0096 49       		.uleb128 0x49
 1156 0097 13       		.uleb128 0x13
 1157 0098 00       		.byte	0
 1158 0099 00       		.byte	0
 1159 009a 0F       		.uleb128 0xf
 1160 009b 15       		.uleb128 0x15
 1161 009c 01       		.byte	0x1
 1162 009d 27       		.uleb128 0x27
 1163 009e 19       		.uleb128 0x19
 1164 009f 49       		.uleb128 0x49
 1165 00a0 13       		.uleb128 0x13
 1166 00a1 01       		.uleb128 0x1
 1167 00a2 13       		.uleb128 0x13
 1168 00a3 00       		.byte	0
 1169 00a4 00       		.byte	0
 1170 00a5 10       		.uleb128 0x10
 1171 00a6 13       		.uleb128 0x13
 1172 00a7 01       		.byte	0x1
 1173 00a8 03       		.uleb128 0x3
 1174 00a9 0E       		.uleb128 0xe
 1175 00aa 0B       		.uleb128 0xb
 1176 00ab 0B       		.uleb128 0xb
 1177 00ac 3A       		.uleb128 0x3a
 1178 00ad 0B       		.uleb128 0xb
 1179 00ae 3B       		.uleb128 0x3b
 1180 00af 05       		.uleb128 0x5
 1181 00b0 01       		.uleb128 0x1
 1182 00b1 13       		.uleb128 0x13
 1183 00b2 00       		.byte	0
 1184 00b3 00       		.byte	0
 1185 00b4 11       		.uleb128 0x11
 1186 00b5 0D       		.uleb128 0xd
 1187 00b6 00       		.byte	0
 1188 00b7 03       		.uleb128 0x3
 1189 00b8 0E       		.uleb128 0xe
 1190 00b9 3A       		.uleb128 0x3a
 1191 00ba 0B       		.uleb128 0xb
 1192 00bb 3B       		.uleb128 0x3b
 1193 00bc 05       		.uleb128 0x5
 1194 00bd 49       		.uleb128 0x49
 1195 00be 13       		.uleb128 0x13
 1196 00bf 38       		.uleb128 0x38
 1197 00c0 0B       		.uleb128 0xb
ARM GAS  C:\Users\Mathieu\AppData\Local\Temp\cc7COgEH.s 			page 22


 1198 00c1 00       		.byte	0
 1199 00c2 00       		.byte	0
 1200 00c3 12       		.uleb128 0x12
 1201 00c4 34       		.uleb128 0x34
 1202 00c5 00       		.byte	0
 1203 00c6 03       		.uleb128 0x3
 1204 00c7 0E       		.uleb128 0xe
 1205 00c8 3A       		.uleb128 0x3a
 1206 00c9 0B       		.uleb128 0xb
 1207 00ca 3B       		.uleb128 0x3b
 1208 00cb 0B       		.uleb128 0xb
 1209 00cc 49       		.uleb128 0x49
 1210 00cd 13       		.uleb128 0x13
 1211 00ce 3F       		.uleb128 0x3f
 1212 00cf 19       		.uleb128 0x19
 1213 00d0 3C       		.uleb128 0x3c
 1214 00d1 19       		.uleb128 0x19
 1215 00d2 00       		.byte	0
 1216 00d3 00       		.byte	0
 1217 00d4 13       		.uleb128 0x13
 1218 00d5 26       		.uleb128 0x26
 1219 00d6 00       		.byte	0
 1220 00d7 49       		.uleb128 0x49
 1221 00d8 13       		.uleb128 0x13
 1222 00d9 00       		.byte	0
 1223 00da 00       		.byte	0
 1224 00db 14       		.uleb128 0x14
 1225 00dc 34       		.uleb128 0x34
 1226 00dd 00       		.byte	0
 1227 00de 03       		.uleb128 0x3
 1228 00df 0E       		.uleb128 0xe
 1229 00e0 3A       		.uleb128 0x3a
 1230 00e1 0B       		.uleb128 0xb
 1231 00e2 3B       		.uleb128 0x3b
 1232 00e3 05       		.uleb128 0x5
 1233 00e4 49       		.uleb128 0x49
 1234 00e5 13       		.uleb128 0x13
 1235 00e6 3F       		.uleb128 0x3f
 1236 00e7 19       		.uleb128 0x19
 1237 00e8 3C       		.uleb128 0x3c
 1238 00e9 19       		.uleb128 0x19
 1239 00ea 00       		.byte	0
 1240 00eb 00       		.byte	0
 1241 00ec 00       		.byte	0
 1242              		.section	.debug_aranges,"",%progbits
 1243 0000 14000000 		.4byte	0x14
 1244 0004 0200     		.2byte	0x2
 1245 0006 00000000 		.4byte	.Ldebug_info0
 1246 000a 04       		.byte	0x4
 1247 000b 00       		.byte	0
 1248 000c 0000     		.2byte	0
 1249 000e 0000     		.2byte	0
 1250 0010 00000000 		.4byte	0
 1251 0014 00000000 		.4byte	0
 1252              		.section	.debug_line,"",%progbits
 1253              	.Ldebug_line0:
 1254 0000 15020000 		.section	.debug_str,"MS",%progbits,1
ARM GAS  C:\Users\Mathieu\AppData\Local\Temp\cc7COgEH.s 			page 23


 1254      02000F02 
 1254      00000201 
 1254      FB0E0D00 
 1254      01010101 
 1255              	.LASF56:
 1256 0000 70726F74 		.ascii	"protBusMasterMask\000"
 1256      4275734D 
 1256      61737465 
 1256      724D6173 
 1256      6B00
 1257              	.LASF49:
 1258 0012 73727373 		.ascii	"srssNumHfroot\000"
 1258      4E756D48 
 1258      66726F6F 
 1258      7400
 1259              	.LASF149:
 1260 0020 72784275 		.ascii	"rxBufSize\000"
 1260      6653697A 
 1260      6500
 1261              	.LASF66:
 1262 002a 666C6173 		.ascii	"flashCtlMainWs3Freq\000"
 1262      6843746C 
 1262      4D61696E 
 1262      57733346 
 1262      72657100 
 1263              	.LASF88:
 1264 003e 6770696F 		.ascii	"gpioPrtCfgInOffset\000"
 1264      50727443 
 1264      6667496E 
 1264      4F666673 
 1264      657400
 1265              	.LASF106:
 1266 0051 6970634C 		.ascii	"ipcLockStatusOffset\000"
 1266      6F636B53 
 1266      74617475 
 1266      734F6666 
 1266      73657400 
 1267              	.LASF32:
 1268 0065 63727970 		.ascii	"cryptoVersion\000"
 1268      746F5665 
 1268      7273696F 
 1268      6E00
 1269              	.LASF50:
 1270 0073 70657269 		.ascii	"periClockNr\000"
 1270      436C6F63 
 1270      6B4E7200 
 1271              	.LASF28:
 1272 007f 70617373 		.ascii	"passBase\000"
 1272      42617365 
 1272      00
 1273              	.LASF41:
 1274 0088 63707573 		.ascii	"cpussIpcIrqNr\000"
 1274      73497063 
 1274      4972714E 
 1274      7200
 1275              	.LASF5:
 1276 0096 5F5F7569 		.ascii	"__uint8_t\000"
ARM GAS  C:\Users\Mathieu\AppData\Local\Temp\cc7COgEH.s 			page 24


 1276      6E74385F 
 1276      7400
 1277              	.LASF127:
 1278 00a0 736C6176 		.ascii	"slaveStatus\000"
 1278      65537461 
 1278      74757300 
 1279              	.LASF85:
 1280 00ac 70657269 		.ascii	"periDiv24_5CtlOffset\000"
 1280      44697632 
 1280      345F3543 
 1280      746C4F66 
 1280      66736574 
 1281              	.LASF92:
 1282 00c1 63707573 		.ascii	"cpussCm4ClockCtlOffset\000"
 1282      73436D34 
 1282      436C6F63 
 1282      6B43746C 
 1282      4F666673 
 1283              	.LASF21:
 1284 00d8 63707573 		.ascii	"cpussBase\000"
 1284      73426173 
 1284      6500
 1285              	.LASF70:
 1286 00e2 64774368 		.ascii	"dwChCtlPrioPos\000"
 1286      43746C50 
 1286      72696F50 
 1286      6F7300
 1287              	.LASF14:
 1288 00f1 6C6F6E67 		.ascii	"long long unsigned int\000"
 1288      206C6F6E 
 1288      6720756E 
 1288      7369676E 
 1288      65642069 
 1289              	.LASF74:
 1290 0108 70657269 		.ascii	"periTrCmdOffset\000"
 1290      5472436D 
 1290      644F6666 
 1290      73657400 
 1291              	.LASF144:
 1292 0118 72785269 		.ascii	"rxRingBuf\000"
 1292      6E674275 
 1292      6600
 1293              	.LASF98:
 1294 0122 63707573 		.ascii	"cpussSysTickCtlOffset\000"
 1294      73537973 
 1294      5469636B 
 1294      43746C4F 
 1294      66667365 
 1295              	.LASF120:
 1296 0138 6D617374 		.ascii	"masterStatus\000"
 1296      65725374 
 1296      61747573 
 1296      00
 1297              	.LASF157:
 1298 0145 49544D5F 		.ascii	"ITM_RxBuffer\000"
 1298      52784275 
 1298      66666572 
ARM GAS  C:\Users\Mathieu\AppData\Local\Temp\cc7COgEH.s 			page 25


 1298      00
 1299              	.LASF59:
 1300 0152 666C6173 		.ascii	"flashPipeRequired\000"
 1300      68506970 
 1300      65526571 
 1300      75697265 
 1300      6400
 1301              	.LASF135:
 1302 0164 736C6176 		.ascii	"slaveRxBufferIdx\000"
 1302      65527842 
 1302      75666665 
 1302      72496478 
 1302      00
 1303              	.LASF140:
 1304 0175 63795F73 		.ascii	"cy_stc_scb_i2c_context\000"
 1304      74635F73 
 1304      63625F69 
 1304      32635F63 
 1304      6F6E7465 
 1305              	.LASF63:
 1306 018c 666C6173 		.ascii	"flashCtlMainWs0Freq\000"
 1306      6843746C 
 1306      4D61696E 
 1306      57733046 
 1306      72657100 
 1307              	.LASF16:
 1308 01a0 696E7431 		.ascii	"int16_t\000"
 1308      365F7400 
 1309              	.LASF1:
 1310 01a8 6C6F6E67 		.ascii	"long long int\000"
 1310      206C6F6E 
 1310      6720696E 
 1310      7400
 1311              	.LASF3:
 1312 01b6 7369676E 		.ascii	"signed char\000"
 1312      65642063 
 1312      68617200 
 1313              	.LASF79:
 1314 01c2 70657269 		.ascii	"periDivCmdTypeSelPos\000"
 1314      44697643 
 1314      6D645479 
 1314      70655365 
 1314      6C506F73 
 1315              	.LASF25:
 1316 01d7 70726F74 		.ascii	"protBase\000"
 1316      42617365 
 1316      00
 1317              	.LASF37:
 1318 01e0 69706356 		.ascii	"ipcVersion\000"
 1318      65727369 
 1318      6F6E00
 1319              	.LASF134:
 1320 01eb 736C6176 		.ascii	"slaveRxBufferSize\000"
 1320      65527842 
 1320      75666665 
 1320      7253697A 
 1320      6500
ARM GAS  C:\Users\Mathieu\AppData\Local\Temp\cc7COgEH.s 			page 26


 1321              	.LASF99:
 1322 01fd 63707573 		.ascii	"cpussCm0NmiCtlOffset\000"
 1322      73436D30 
 1322      4E6D6943 
 1322      746C4F66 
 1322      66736574 
 1323              	.LASF47:
 1324 0212 73727373 		.ascii	"srssNumClkpath\000"
 1324      4E756D43 
 1324      6C6B7061 
 1324      746800
 1325              	.LASF26:
 1326 0221 6873696F 		.ascii	"hsiomBase\000"
 1326      6D426173 
 1326      6500
 1327              	.LASF119:
 1328 022b 73746174 		.ascii	"state\000"
 1328      6500
 1329              	.LASF115:
 1330 0231 63795F63 		.ascii	"cy_cb_scb_i2c_handle_events_t\000"
 1330      625F7363 
 1330      625F6932 
 1330      635F6861 
 1330      6E646C65 
 1331              	.LASF11:
 1332 024f 6C6F6E67 		.ascii	"long int\000"
 1332      20696E74 
 1332      00
 1333              	.LASF122:
 1334 0258 6D617374 		.ascii	"masterRdDir\000"
 1334      65725264 
 1334      44697200 
 1335              	.LASF113:
 1336 0264 43595F53 		.ascii	"CY_SCB_I2C_NAK\000"
 1336      43425F49 
 1336      32435F4E 
 1336      414B00
 1337              	.LASF158:
 1338 0273 44454255 		.ascii	"DEBUG_UART_context\000"
 1338      475F5541 
 1338      52545F63 
 1338      6F6E7465 
 1338      787400
 1339              	.LASF57:
 1340 0286 63727970 		.ascii	"cryptoMemSize\000"
 1340      746F4D65 
 1340      6D53697A 
 1340      6500
 1341              	.LASF23:
 1342 0294 70657269 		.ascii	"periBase\000"
 1342      42617365 
 1342      00
 1343              	.LASF55:
 1344 029d 73797350 		.ascii	"sysPmSimoPresent\000"
 1344      6D53696D 
 1344      6F507265 
 1344      73656E74 
ARM GAS  C:\Users\Mathieu\AppData\Local\Temp\cc7COgEH.s 			page 27


 1344      00
 1345              	.LASF45:
 1346 02ae 63707573 		.ascii	"cpussFmIrq\000"
 1346      73466D49 
 1346      727100
 1347              	.LASF110:
 1348 02b9 646F7562 		.ascii	"double\000"
 1348      6C6500
 1349              	.LASF84:
 1350 02c0 70657269 		.ascii	"periDiv16_5CtlOffset\000"
 1350      44697631 
 1350      365F3543 
 1350      746C4F66 
 1350      66736574 
 1351              	.LASF48:
 1352 02d5 73727373 		.ascii	"srssNumPll\000"
 1352      4E756D50 
 1352      6C6C00
 1353              	.LASF82:
 1354 02e0 70657269 		.ascii	"periDiv8CtlOffset\000"
 1354      44697638 
 1354      43746C4F 
 1354      66667365 
 1354      7400
 1355              	.LASF89:
 1356 02f2 6770696F 		.ascii	"gpioPrtCfgOutOffset\000"
 1356      50727443 
 1356      66674F75 
 1356      744F6666 
 1356      73657400 
 1357              	.LASF137:
 1358 0306 63624164 		.ascii	"cbAddr\000"
 1358      647200
 1359              	.LASF22:
 1360 030d 666C6173 		.ascii	"flashcBase\000"
 1360      68634261 
 1360      736500
 1361              	.LASF12:
 1362 0318 5F5F7569 		.ascii	"__uint32_t\000"
 1362      6E743332 
 1362      5F7400
 1363              	.LASF52:
 1364 0323 70617373 		.ascii	"passSarChannels\000"
 1364      53617243 
 1364      68616E6E 
 1364      656C7300 
 1365              	.LASF6:
 1366 0333 5F5F696E 		.ascii	"__int16_t\000"
 1366      7431365F 
 1366      7400
 1367              	.LASF150:
 1368 033d 72784275 		.ascii	"rxBufIdx\000"
 1368      66496478 
 1368      00
 1369              	.LASF95:
 1370 0346 63707573 		.ascii	"cpussCm4PwrCtlOffset\000"
 1370      73436D34 
ARM GAS  C:\Users\Mathieu\AppData\Local\Temp\cc7COgEH.s 			page 28


 1370      50777243 
 1370      746C4F66 
 1370      66736574 
 1371              	.LASF152:
 1372 035b 74784275 		.ascii	"txBufSize\000"
 1372      6653697A 
 1372      6500
 1373              	.LASF90:
 1374 0365 6770696F 		.ascii	"gpioPrtCfgSioOffset\000"
 1374      50727443 
 1374      66675369 
 1374      6F4F6666 
 1374      73657400 
 1375              	.LASF42:
 1376 0379 63707573 		.ascii	"cpussDwChNr\000"
 1376      73447743 
 1376      684E7200 
 1377              	.LASF0:
 1378 0385 756E7369 		.ascii	"unsigned int\000"
 1378      676E6564 
 1378      20696E74 
 1378      00
 1379              	.LASF131:
 1380 0392 736C6176 		.ascii	"slaveTxBufferIdx\000"
 1380      65547842 
 1380      75666665 
 1380      72496478 
 1380      00
 1381              	.LASF17:
 1382 03a3 75696E74 		.ascii	"uint16_t\000"
 1382      31365F74 
 1382      00
 1383              	.LASF128:
 1384 03ac 736C6176 		.ascii	"slaveRdBufEmpty\000"
 1384      65526442 
 1384      7566456D 
 1384      70747900 
 1385              	.LASF75:
 1386 03bc 70657269 		.ascii	"periTrCmdGrSelMsk\000"
 1386      5472436D 
 1386      64477253 
 1386      656C4D73 
 1386      6B00
 1387              	.LASF64:
 1388 03ce 666C6173 		.ascii	"flashCtlMainWs1Freq\000"
 1388      6843746C 
 1388      4D61696E 
 1388      57733146 
 1388      72657100 
 1389              	.LASF13:
 1390 03e2 6C6F6E67 		.ascii	"long unsigned int\000"
 1390      20756E73 
 1390      69676E65 
 1390      6420696E 
 1390      7400
 1391              	.LASF139:
 1392 03f4 63795F63 		.ascii	"cy_cb_scb_uart_handle_events_t\000"
ARM GAS  C:\Users\Mathieu\AppData\Local\Temp\cc7COgEH.s 			page 29


 1392      625F7363 
 1392      625F7561 
 1392      72745F68 
 1392      616E646C 
 1393              	.LASF40:
 1394 0413 63707573 		.ascii	"cpussIpcNr\000"
 1394      73497063 
 1394      4E7200
 1395              	.LASF27:
 1396 041e 6770696F 		.ascii	"gpioBase\000"
 1396      42617365 
 1396      00
 1397              	.LASF65:
 1398 0427 666C6173 		.ascii	"flashCtlMainWs2Freq\000"
 1398      6843746C 
 1398      4D61696E 
 1398      57733246 
 1398      72657100 
 1399              	.LASF118:
 1400 043b 75736554 		.ascii	"useTxFifo\000"
 1400      78466966 
 1400      6F00
 1401              	.LASF76:
 1402 0445 70657269 		.ascii	"periTrGrOffset\000"
 1402      54724772 
 1402      4F666673 
 1402      657400
 1403              	.LASF103:
 1404 0454 63707573 		.ascii	"cpussRam1Ctl0\000"
 1404      7352616D 
 1404      3143746C 
 1404      3000
 1405              	.LASF136:
 1406 0462 63624576 		.ascii	"cbEvents\000"
 1406      656E7473 
 1406      00
 1407              	.LASF161:
 1408 046b 47656E65 		.ascii	"Generated_Source\\PSoC6\\pdl\\rtos\\FreeRTOS\\10.0."
 1408      72617465 
 1408      645F536F 
 1408      75726365 
 1408      5C50536F 
 1409 0499 315C536F 		.ascii	"1\\Source\\croutine.c\000"
 1409      75726365 
 1409      5C63726F 
 1409      7574696E 
 1409      652E6300 
 1410              	.LASF77:
 1411 04ad 70657269 		.ascii	"periTrGrSize\000"
 1411      54724772 
 1411      53697A65 
 1411      00
 1412              	.LASF35:
 1413 04ba 6770696F 		.ascii	"gpioVersion\000"
 1413      56657273 
 1413      696F6E00 
 1414              	.LASF151:
ARM GAS  C:\Users\Mathieu\AppData\Local\Temp\cc7COgEH.s 			page 30


 1415 04c6 74784275 		.ascii	"txBuf\000"
 1415      6600
 1416              	.LASF107:
 1417 04cc 63795F73 		.ascii	"cy_stc_device_t\000"
 1417      74635F64 
 1417      65766963 
 1417      655F7400 
 1418              	.LASF53:
 1419 04dc 65704D6F 		.ascii	"epMonitorNr\000"
 1419      6E69746F 
 1419      724E7200 
 1420              	.LASF146:
 1421 04e8 72785269 		.ascii	"rxRingBufHead\000"
 1421      6E674275 
 1421      66486561 
 1421      6400
 1422              	.LASF96:
 1423 04f6 63707573 		.ascii	"cpussTrimRamCtlOffset\000"
 1423      73547269 
 1423      6D52616D 
 1423      43746C4F 
 1423      66667365 
 1424              	.LASF133:
 1425 050c 736C6176 		.ascii	"slaveRxBuffer\000"
 1425      65527842 
 1425      75666665 
 1425      7200
 1426              	.LASF91:
 1427 051a 63707573 		.ascii	"cpussCm0ClockCtlOffset\000"
 1427      73436D30 
 1427      436C6F63 
 1427      6B43746C 
 1427      4F666673 
 1428              	.LASF31:
 1429 0531 63707573 		.ascii	"cpussVersion\000"
 1429      73566572 
 1429      73696F6E 
 1429      00
 1430              	.LASF38:
 1431 053e 70657269 		.ascii	"periVersion\000"
 1431      56657273 
 1431      696F6E00 
 1432              	.LASF94:
 1433 054a 63707573 		.ascii	"cpussCm0StatusOffset\000"
 1433      73436D30 
 1433      53746174 
 1433      75734F66 
 1433      66736574 
 1434              	.LASF20:
 1435 055f 73697A65 		.ascii	"sizetype\000"
 1435      74797065 
 1435      00
 1436              	.LASF68:
 1437 0568 64774368 		.ascii	"dwChOffset\000"
 1437      4F666673 
 1437      657400
 1438              	.LASF125:
ARM GAS  C:\Users\Mathieu\AppData\Local\Temp\cc7COgEH.s 			page 31


 1439 0573 6D617374 		.ascii	"masterBufferIdx\000"
 1439      65724275 
 1439      66666572 
 1439      49647800 
 1440              	.LASF43:
 1441 0583 63707573 		.ascii	"cpussFlashPaSize\000"
 1441      73466C61 
 1441      73685061 
 1441      53697A65 
 1441      00
 1442              	.LASF81:
 1443 0594 70657269 		.ascii	"periDivCmdPaTypeSelPos\000"
 1443      44697643 
 1443      6D645061 
 1443      54797065 
 1443      53656C50 
 1444              	.LASF104:
 1445 05ab 63707573 		.ascii	"cpussRam2Ctl0\000"
 1445      7352616D 
 1445      3243746C 
 1445      3000
 1446              	.LASF72:
 1447 05b9 64775374 		.ascii	"dwStatusChIdxPos\000"
 1447      61747573 
 1447      43684964 
 1447      78506F73 
 1447      00
 1448              	.LASF54:
 1449 05ca 75646250 		.ascii	"udbPresent\000"
 1449      72657365 
 1449      6E7400
 1450              	.LASF143:
 1451 05d5 72785374 		.ascii	"rxStatus\000"
 1451      61747573 
 1451      00
 1452              	.LASF34:
 1453 05de 666C6173 		.ascii	"flashcVersion\000"
 1453      68635665 
 1453      7273696F 
 1453      6E00
 1454              	.LASF30:
 1455 05ec 63727970 		.ascii	"cryptoBase\000"
 1455      746F4261 
 1455      736500
 1456              	.LASF51:
 1457 05f7 736D6966 		.ascii	"smifDeviceNr\000"
 1457      44657669 
 1457      63654E72 
 1457      00
 1458              	.LASF160:
 1459 0604 474E5520 		.ascii	"GNU C11 5.4.1 20160609 (release) [ARM/embedded-5-br"
 1459      43313120 
 1459      352E342E 
 1459      31203230 
 1459      31363036 
 1460 0637 616E6368 		.ascii	"anch revision 237715] -mcpu=cortex-m4 -mfloat-abi=s"
 1460      20726576 
ARM GAS  C:\Users\Mathieu\AppData\Local\Temp\cc7COgEH.s 			page 32


 1460      6973696F 
 1460      6E203233 
 1460      37373135 
 1461 066a 6F667466 		.ascii	"oftfp -mfpu=fpv4-sp-d16 -mthumb -g -Og -ffunction-s"
 1461      70202D6D 
 1461      6670753D 
 1461      66707634 
 1461      2D73702D 
 1462 069d 65637469 		.ascii	"ections -ffat-lto-objects\000"
 1462      6F6E7320 
 1462      2D666661 
 1462      742D6C74 
 1462      6F2D6F62 
 1463              	.LASF109:
 1464 06b7 666C6F61 		.ascii	"float\000"
 1464      7400
 1465              	.LASF73:
 1466 06bd 64775374 		.ascii	"dwStatusChIdxMsk\000"
 1466      61747573 
 1466      43684964 
 1466      784D736B 
 1466      00
 1467              	.LASF156:
 1468 06ce 63795F64 		.ascii	"cy_device\000"
 1468      65766963 
 1468      6500
 1469              	.LASF101:
 1470 06d8 63707573 		.ascii	"cpussRomCtl\000"
 1470      73526F6D 
 1470      43746C00 
 1471              	.LASF71:
 1472 06e4 64774368 		.ascii	"dwChCtlPreemptablePos\000"
 1472      43746C50 
 1472      7265656D 
 1472      70746162 
 1472      6C65506F 
 1473              	.LASF153:
 1474 06fa 74784C65 		.ascii	"txLeftToTransmit\000"
 1474      6674546F 
 1474      5472616E 
 1474      736D6974 
 1474      00
 1475              	.LASF159:
 1476 070b 4932436D 		.ascii	"I2Cm_context\000"
 1476      5F636F6E 
 1476      74657874 
 1476      00
 1477              	.LASF24:
 1478 0718 75646242 		.ascii	"udbBase\000"
 1478      61736500 
 1479              	.LASF112:
 1480 0720 43595F53 		.ascii	"CY_SCB_I2C_ACK\000"
 1480      43425F49 
 1480      32435F41 
 1480      434B00
 1481              	.LASF111:
 1482 072f 5F426F6F 		.ascii	"_Bool\000"
ARM GAS  C:\Users\Mathieu\AppData\Local\Temp\cc7COgEH.s 			page 33


 1482      6C00
 1483              	.LASF18:
 1484 0735 696E7433 		.ascii	"int32_t\000"
 1484      325F7400 
 1485              	.LASF4:
 1486 073d 756E7369 		.ascii	"unsigned char\000"
 1486      676E6564 
 1486      20636861 
 1486      7200
 1487              	.LASF67:
 1488 074b 666C6173 		.ascii	"flashCtlMainWs4Freq\000"
 1488      6843746C 
 1488      4D61696E 
 1488      57733446 
 1488      72657100 
 1489              	.LASF7:
 1490 075f 73686F72 		.ascii	"short int\000"
 1490      7420696E 
 1490      7400
 1491              	.LASF124:
 1492 0769 6D617374 		.ascii	"masterBufferSize\000"
 1492      65724275 
 1492      66666572 
 1492      53697A65 
 1492      00
 1493              	.LASF78:
 1494 077a 70657269 		.ascii	"periDivCmdDivSelMsk\000"
 1494      44697643 
 1494      6D644469 
 1494      7653656C 
 1494      4D736B00 
 1495              	.LASF121:
 1496 078e 6D617374 		.ascii	"masterPause\000"
 1496      65725061 
 1496      75736500 
 1497              	.LASF116:
 1498 079a 63795F63 		.ascii	"cy_cb_scb_i2c_handle_addr_t\000"
 1498      625F7363 
 1498      625F6932 
 1498      635F6861 
 1498      6E646C65 
 1499              	.LASF126:
 1500 07b6 6D617374 		.ascii	"masterNumBytes\000"
 1500      65724E75 
 1500      6D427974 
 1500      657300
 1501              	.LASF132:
 1502 07c5 736C6176 		.ascii	"slaveTxBufferCnt\000"
 1502      65547842 
 1502      75666665 
 1502      72436E74 
 1502      00
 1503              	.LASF62:
 1504 07d6 666C6173 		.ascii	"flashEraseDelay\000"
 1504      68457261 
 1504      73654465 
 1504      6C617900 
ARM GAS  C:\Users\Mathieu\AppData\Local\Temp\cc7COgEH.s 			page 34


 1505              	.LASF19:
 1506 07e6 75696E74 		.ascii	"uint32_t\000"
 1506      33325F74 
 1506      00
 1507              	.LASF138:
 1508 07ef 63795F73 		.ascii	"cy_stc_scb_i2c_context_t\000"
 1508      74635F73 
 1508      63625F69 
 1508      32635F63 
 1508      6F6E7465 
 1509              	.LASF2:
 1510 0808 6C6F6E67 		.ascii	"long double\000"
 1510      20646F75 
 1510      626C6500 
 1511              	.LASF108:
 1512 0814 63686172 		.ascii	"char\000"
 1512      00
 1513              	.LASF39:
 1514 0819 70726F74 		.ascii	"protVersion\000"
 1514      56657273 
 1514      696F6E00 
 1515              	.LASF102:
 1516 0825 63707573 		.ascii	"cpussRam0Ctl0\000"
 1516      7352616D 
 1516      3043746C 
 1516      3000
 1517              	.LASF8:
 1518 0833 5F5F7569 		.ascii	"__uint16_t\000"
 1518      6E743136 
 1518      5F7400
 1519              	.LASF83:
 1520 083e 70657269 		.ascii	"periDiv16CtlOffset\000"
 1520      44697631 
 1520      3643746C 
 1520      4F666673 
 1520      657400
 1521              	.LASF10:
 1522 0851 5F5F696E 		.ascii	"__int32_t\000"
 1522      7433325F 
 1522      7400
 1523              	.LASF123:
 1524 085b 6D617374 		.ascii	"masterBuffer\000"
 1524      65724275 
 1524      66666572 
 1524      00
 1525              	.LASF36:
 1526 0868 6873696F 		.ascii	"hsiomVersion\000"
 1526      6D566572 
 1526      73696F6E 
 1526      00
 1527              	.LASF61:
 1528 0875 666C6173 		.ascii	"flashProgramDelay\000"
 1528      6850726F 
 1528      6772616D 
 1528      44656C61 
 1528      7900
 1529              	.LASF46:
ARM GAS  C:\Users\Mathieu\AppData\Local\Temp\cc7COgEH.s 			page 35


 1530 0887 63707573 		.ascii	"cpussNotConnectedIrq\000"
 1530      734E6F74 
 1530      436F6E6E 
 1530      65637465 
 1530      64497271 
 1531              	.LASF145:
 1532 089c 72785269 		.ascii	"rxRingBufSize\000"
 1532      6E674275 
 1532      6653697A 
 1532      6500
 1533              	.LASF9:
 1534 08aa 73686F72 		.ascii	"short unsigned int\000"
 1534      7420756E 
 1534      7369676E 
 1534      65642069 
 1534      6E7400
 1535              	.LASF69:
 1536 08bd 64774368 		.ascii	"dwChSize\000"
 1536      53697A65 
 1536      00
 1537              	.LASF105:
 1538 08c6 69706353 		.ascii	"ipcStructSize\000"
 1538      74727563 
 1538      7453697A 
 1538      6500
 1539              	.LASF117:
 1540 08d4 75736552 		.ascii	"useRxFifo\000"
 1540      78466966 
 1540      6F00
 1541              	.LASF44:
 1542 08de 63707573 		.ascii	"cpussIpc0Irq\000"
 1542      73497063 
 1542      30497271 
 1542      00
 1543              	.LASF87:
 1544 08eb 6770696F 		.ascii	"gpioPrtCfgOffset\000"
 1544      50727443 
 1544      66674F66 
 1544      66736574 
 1544      00
 1545              	.LASF154:
 1546 08fc 696E6974 		.ascii	"initKey\000"
 1546      4B657900 
 1547              	.LASF148:
 1548 0904 72784275 		.ascii	"rxBuf\000"
 1548      6600
 1549              	.LASF129:
 1550 090a 736C6176 		.ascii	"slaveTxBuffer\000"
 1550      65547842 
 1550      75666665 
 1550      7200
 1551              	.LASF130:
 1552 0918 736C6176 		.ascii	"slaveTxBufferSize\000"
 1552      65547842 
 1552      75666665 
 1552      7253697A 
 1552      6500
ARM GAS  C:\Users\Mathieu\AppData\Local\Temp\cc7COgEH.s 			page 36


 1553              	.LASF155:
 1554 092a 63795F73 		.ascii	"cy_stc_scb_uart_context_t\000"
 1554      74635F73 
 1554      63625F75 
 1554      6172745F 
 1554      636F6E74 
 1555              	.LASF162:
 1556 0944 433A5C55 		.ascii	"C:\\Users\\Mathieu\\OneDrive\\Desktop\\Projet2\\Mot"
 1556      73657273 
 1556      5C4D6174 
 1556      68696575 
 1556      5C4F6E65 
 1557 0971 696F6E44 		.ascii	"ionDetectionViaInterupt.cydsn\000"
 1557      65746563 
 1557      74696F6E 
 1557      56696149 
 1557      6E746572 
 1558              	.LASF114:
 1559 098f 63795F65 		.ascii	"cy_en_scb_i2c_command_t\000"
 1559      6E5F7363 
 1559      625F6932 
 1559      635F636F 
 1559      6D6D616E 
 1560              	.LASF100:
 1561 09a7 63707573 		.ascii	"cpussCm4NmiCtlOffset\000"
 1561      73436D34 
 1561      4E6D6943 
 1561      746C4F66 
 1561      66736574 
 1562              	.LASF60:
 1563 09bc 666C6173 		.ascii	"flashWriteDelay\000"
 1563      68577269 
 1563      74654465 
 1563      6C617900 
 1564              	.LASF15:
 1565 09cc 75696E74 		.ascii	"uint8_t\000"
 1565      385F7400 
 1566              	.LASF93:
 1567 09d4 63707573 		.ascii	"cpussCm4StatusOffset\000"
 1567      73436D34 
 1567      53746174 
 1567      75734F66 
 1567      66736574 
 1568              	.LASF86:
 1569 09e9 6770696F 		.ascii	"gpioPrtIntrCfgOffset\000"
 1569      50727449 
 1569      6E747243 
 1569      66674F66 
 1569      66736574 
 1570              	.LASF147:
 1571 09fe 72785269 		.ascii	"rxRingBufTail\000"
 1571      6E674275 
 1571      66546169 
 1571      6C00
 1572              	.LASF97:
 1573 0a0c 63707573 		.ascii	"cpussTrimRomCtlOffset\000"
 1573      73547269 
ARM GAS  C:\Users\Mathieu\AppData\Local\Temp\cc7COgEH.s 			page 37


 1573      6D526F6D 
 1573      43746C4F 
 1573      66667365 
 1574              	.LASF142:
 1575 0a22 74785374 		.ascii	"txStatus\000"
 1575      61747573 
 1575      00
 1576              	.LASF33:
 1577 0a2b 64775665 		.ascii	"dwVersion\000"
 1577      7273696F 
 1577      6E00
 1578              	.LASF29:
 1579 0a35 69706342 		.ascii	"ipcBase\000"
 1579      61736500 
 1580              	.LASF80:
 1581 0a3d 70657269 		.ascii	"periDivCmdPaDivSelPos\000"
 1581      44697643 
 1581      6D645061 
 1581      44697653 
 1581      656C506F 
 1582              	.LASF141:
 1583 0a53 63795F73 		.ascii	"cy_stc_scb_uart_context\000"
 1583      74635F73 
 1583      63625F75 
 1583      6172745F 
 1583      636F6E74 
 1584              	.LASF58:
 1585 0a6b 666C6173 		.ascii	"flashRwwRequired\000"
 1585      68527777 
 1585      52657175 
 1585      69726564 
 1585      00
 1586              		.ident	"GCC: (GNU Tools for ARM Embedded Processors) 5.4.1 20160609 (release) [ARM/embedded-5-bran
